<?xml version="1.0" encoding="UTF-8"?>
<!-- Generated by org.testng.reporters.JUnitReportReporter -->
<testsuite hostname="DESKTOP-83MP9DA" failures="0" tests="1" name="test.ZerodhaLogInAssert" time="30.026" errors="0" timestamp="2022-06-29T17:21:15 IST" skipped="0">
  <testcase classname="test.ZerodhaLogInAssert" name="loginTest" time="30.026"/>
  <system-out/>
</testsuite> <!-- test.ZerodhaLogInAssert -->
