<?xml version="1.0" encoding="UTF-8"?>
<!-- Generated by org.testng.reporters.JUnitReportReporter -->
<testsuite hostname="DESKTOP-83MP9DA" failures="0" tests="1" name="test.ZerodhaSellStockTest" time="18.067" errors="0" timestamp="2022-07-03T00:28:50 IST" skipped="0">
  <testcase classname="test.ZerodhaSellStockTest" name="SellStock" time="18.067"/>
  <system-out/>
</testsuite> <!-- test.ZerodhaSellStockTest -->
