<?xml version="1.0" encoding="UTF-8"?>
<!-- Generated by org.testng.reporters.JUnitReportReporter -->
<testsuite hostname="DESKTOP-83MP9DA" failures="0" tests="1" name="test.ZerodhaLoginPageTest" time="10.546" errors="0" timestamp="2022-06-28T18:54:49 IST" skipped="0">
  <testcase classname="test.ZerodhaLoginPageTest" name="loginTest" time="10.546"/>
  <system-out/>
</testsuite> <!-- test.ZerodhaLoginPageTest -->
