<?xml version="1.0" encoding="UTF-8"?>
<!-- Generated by org.testng.reporters.JUnitReportReporter -->
<testsuite hostname="DESKTOP-83MP9DA" failures="0" tests="1" name="test.ZerodhaHomePageTest" time="23.698" errors="0" timestamp="2022-07-05T17:23:14 IST" skipped="0">
  <testcase classname="test.ZerodhaHomePageTest" name="buyFromWatchList" time="23.698"/>
  <system-out/>
</testsuite> <!-- test.ZerodhaHomePageTest -->
